{
  "stats": {
    "suites": 1,
    "tests": 1,
    "passes": 1,
    "pending": 0,
    "failures": 0,
    "start": "2023-10-09T07:11:51.698Z",
    "end": "2023-10-09T07:12:09.783Z",
    "duration": 18085,
    "testsRegistered": 1,
    "passPercent": 100,
    "pendingPercent": 0,
    "other": 0,
    "hasOther": false,
    "skipped": 0,
    "hasSkipped": false
  },
  "results": [
    {
      "uuid": "13f86160-1ddf-4024-bf99-dea683fa5024",
      "title": "",
      "fullFile": "cypress\\integration\\examples\\Test8Framework.js",
      "file": "cypress\\integration\\examples\\Test8Framework.js",
      "beforeHooks": [],
      "afterHooks": [],
      "tests": [],
      "suites": [
        {
          "uuid": "1ec02b97-dc97-40c0-bc74-270b6d5715a1",
          "title": "My Second Test Suite",
          "fullFile": "",
          "file": "",
          "beforeHooks": [],
          "afterHooks": [],
          "tests": [
            {
              "title": "My FirstTest case",
              "fullTitle": "My Second Test Suite My FirstTest case",
              "timedOut": null,
              "duration": 11120,
              "state": "passed",
              "speed": "slow",
              "pass": true,
              "fail": false,
              "pending": false,
              "context": null,
              "code": "var homePage = new _HomePage[\"default\"]();\nvar productPage = new _ProductPage[\"default\"]();\ncy.visit(Cypress.env('url') + \"/angularpractice/\");\nhomePage.getEditBox().type(this.data.name);\nhomePage.getGender().select(this.data.gender);\nhomePage.getTwoWayDataBinding().should('have.value', this.data.name);\nhomePage.getEditBox().should('have.attr', 'minlength', '2');\nhomePage.getEntrepreneaur().should('be.disabled');\nhomePage.getShopTab().click();\nCypress.config('defaultCommandTimeout', 8000);\nthis.data.productName.forEach(function (element) {\n  cy.selectProduct(element);\n});\nproductPage.checkOutButton().click();\nvar sum = 0;\ncy.get('tr td:nth-child(4) strong').each(function ($el, index, $list) {\n  var amount = $el.text();\n  var res = amount.split(\" \");\n  res = res[1].trim();\n  sum = Number(sum) + Number(res);\n}).then(function () {\n  cy.log(sum);\n});\ncy.get('h3 strong').then(function (element) {\n  var amount = element.text();\n  var res = amount.split(\" \");\n  var total = res[1].trim();\n  expect(Number(total)).to.equal(sum);\n});\ncy.contains('Checkout').click();\ncy.get('#country').type('India');\ncy.get('.suggestions > ul > li > a').click();\ncy.get('#checkbox2').click({\n  force: true\n});\ncy.get('input[type=\"submit\"]').click();\n//cy.get('.alert').should('have.text','Success! Thank you! Your order will be delivered in next few weeks :-).')\ncy.get('.alert').then(function (element) {\n  var actualText = element.text();\n  expect(actualText.includes(\"Success\")).to.be[\"true\"];\n});",
              "err": {},
              "uuid": "e1d14714-bd43-480e-8dcf-7ee931a65035",
              "parentUUID": "1ec02b97-dc97-40c0-bc74-270b6d5715a1",
              "isHook": false,
              "skipped": false
            }
          ],
          "suites": [],
          "passes": [
            "e1d14714-bd43-480e-8dcf-7ee931a65035"
          ],
          "failures": [],
          "pending": [],
          "skipped": [],
          "duration": 11120,
          "root": false,
          "rootEmpty": false,
          "_timeout": 2000
        }
      ],
      "passes": [],
      "failures": [],
      "pending": [],
      "skipped": [],
      "duration": 0,
      "root": true,
      "rootEmpty": true,
      "_timeout": 2000
    }
  ],
  "meta": {
    "mocha": {
      "version": "7.0.1"
    },
    "mochawesome": {
      "options": {
        "quiet": false,
        "reportFilename": "mochawesome",
        "saveHtml": false,
        "saveJson": true,
        "consoleReporter": "spec",
        "useInlineDiffs": false,
        "code": true
      },
      "version": "7.1.3"
    },
    "marge": {
      "options": {
        "id": "default",
        "reportDir": "cypress/reports/mocha",
        "quite": true,
        "overwrite": false,
        "html": false,
        "json": true
      },
      "version": "6.2.0"
    }
  }
}