{
  "stats": {
    "suites": 1,
    "tests": 1,
    "passes": 1,
    "pending": 0,
    "failures": 0,
    "start": "2023-11-01T05:40:55.085Z",
    "end": "2023-11-01T05:41:16.789Z",
    "duration": 21704,
    "testsRegistered": 1,
    "passPercent": 100,
    "pendingPercent": 0,
    "other": 0,
    "hasOther": false,
    "skipped": 0,
    "hasSkipped": false
  },
  "results": [
    {
      "uuid": "5ae1890b-63de-4677-b575-f116420bd0c2",
      "title": "",
      "fullFile": "cypress\\integration\\examples\\Test1.js",
      "file": "cypress\\integration\\examples\\Test1.js",
      "beforeHooks": [],
      "afterHooks": [],
      "tests": [],
      "suites": [
        {
          "uuid": "9cef69b4-7457-450d-9188-b452a784c77e",
          "title": "My First Test Suite",
          "fullFile": "",
          "file": "",
          "beforeHooks": [],
          "afterHooks": [],
          "tests": [
            {
              "title": "My FirstTest case",
              "fullTitle": "My First Test Suite My FirstTest case",
              "timedOut": null,
              "duration": 12866,
              "state": "passed",
              "speed": "slow",
              "pass": true,
              "fail": false,
              "pending": false,
              "context": null,
              "code": "cy.visit(\"https://rahulshettyacademy.com/seleniumPractise/#/\");\ncy.get('.search-keyword').type('ca');\ncy.wait(2000);\n//selenium get hit url in browser, cypress get acts like findElement of selenium\ncy.get('.product').should('have.length', 5);\ncy.get('.product:visible').should('have.length', 4);\n//Parent child chaining\ncy.get('.products').as('productLocator');\ncy.get('@productLocator').find('.product').should('have.length', 4);\ncy.get(':nth-child(3) > .product-action > button').click();\ncy.get('@productLocator').find('.product').eq(2).contains('ADD TO CART').click().then(function () {\n  console.log('sf');\n});\ncy.get('@productLocator').find('.product').each(function ($el, index, $list) {\n  var textVeg = $el.find('h4.product-name').text();\n  if (textVeg.includes('Cashews')) {\n    cy.wrap($el).find('button').click();\n  }\n});\n//assert if logo text is correctly displayed\ncy.get('.brand').should('have.text', 'GREENKART');\n//this is to print in logs\ncy.get('.brand').then(function (logoelement) {\n  cy.log(logoelement.text());\n});\n//const logo=cy.get('.brand')\n//cy.log(cy.get('.brand').text())\n// cy.log(logo.text())\n//fixture",
              "err": {},
              "uuid": "5ca5e1f3-bced-42f8-83b5-81e06be0e7f4",
              "parentUUID": "9cef69b4-7457-450d-9188-b452a784c77e",
              "isHook": false,
              "skipped": false
            }
          ],
          "suites": [],
          "passes": [
            "5ca5e1f3-bced-42f8-83b5-81e06be0e7f4"
          ],
          "failures": [],
          "pending": [],
          "skipped": [],
          "duration": 12866,
          "root": false,
          "rootEmpty": false,
          "_timeout": 2000
        }
      ],
      "passes": [],
      "failures": [],
      "pending": [],
      "skipped": [],
      "duration": 0,
      "root": true,
      "rootEmpty": true,
      "_timeout": 2000
    }
  ],
  "meta": {
    "mocha": {
      "version": "7.0.1"
    },
    "mochawesome": {
      "options": {
        "quiet": false,
        "reportFilename": "mochawesome",
        "saveHtml": false,
        "saveJson": true,
        "consoleReporter": "spec",
        "useInlineDiffs": false,
        "code": true
      },
      "version": "7.1.3"
    },
    "marge": {
      "options": {
        "id": "default",
        "reportDir": "cypress/reports/mocha",
        "quite": true,
        "overwrite": false,
        "html": false,
        "json": true
      },
      "version": "6.2.0"
    }
  }
}