{
  "stats": {
    "suites": 1,
    "tests": 1,
    "passes": 1,
    "pending": 0,
    "failures": 0,
    "start": "2023-10-09T07:11:05.586Z",
    "end": "2023-10-09T07:11:22.034Z",
    "duration": 16448,
    "testsRegistered": 1,
    "passPercent": 100,
    "pendingPercent": 0,
    "other": 0,
    "hasOther": false,
    "skipped": 0,
    "hasSkipped": false
  },
  "results": [
    {
      "uuid": "bd434229-1eb7-4867-ae6f-08123299e5fe",
      "title": "",
      "fullFile": "cypress\\integration\\examples\\Test6.js",
      "file": "cypress\\integration\\examples\\Test6.js",
      "beforeHooks": [],
      "afterHooks": [],
      "tests": [],
      "suites": [
        {
          "uuid": "66d6f59b-354e-4074-8432-63f710d25e4e",
          "title": "My Second Test Suite",
          "fullFile": "",
          "file": "",
          "beforeHooks": [],
          "afterHooks": [],
          "tests": [
            {
              "title": "My FirstTest case",
              "fullTitle": "My Second Test Suite My FirstTest case",
              "timedOut": null,
              "duration": 9766,
              "state": "passed",
              "speed": "medium",
              "pass": true,
              "fail": false,
              "pending": false,
              "context": null,
              "code": "//Check boxes\ncy.visit(\"https://rahulshettyacademy.com/AutomationPractice/\");\n//cy.get('div.mouse-hover-content').invoke('show')\ncy.contains('Top').click({\n  force: true\n});\ncy.url().should('include', 'top');",
              "err": {},
              "uuid": "55e48930-eef3-4a7a-8544-d6bb1f8e0548",
              "parentUUID": "66d6f59b-354e-4074-8432-63f710d25e4e",
              "isHook": false,
              "skipped": false
            }
          ],
          "suites": [],
          "passes": [
            "55e48930-eef3-4a7a-8544-d6bb1f8e0548"
          ],
          "failures": [],
          "pending": [],
          "skipped": [],
          "duration": 9766,
          "root": false,
          "rootEmpty": false,
          "_timeout": 2000
        }
      ],
      "passes": [],
      "failures": [],
      "pending": [],
      "skipped": [],
      "duration": 0,
      "root": true,
      "rootEmpty": true,
      "_timeout": 2000
    }
  ],
  "meta": {
    "mocha": {
      "version": "7.0.1"
    },
    "mochawesome": {
      "options": {
        "quiet": false,
        "reportFilename": "mochawesome",
        "saveHtml": false,
        "saveJson": true,
        "consoleReporter": "spec",
        "useInlineDiffs": false,
        "code": true
      },
      "version": "7.1.3"
    },
    "marge": {
      "options": {
        "id": "default",
        "reportDir": "cypress/reports/mocha",
        "quite": true,
        "overwrite": false,
        "html": false,
        "json": true
      },
      "version": "6.2.0"
    }
  }
}