{
  "stats": {
    "suites": 1,
    "tests": 1,
    "passes": 0,
    "pending": 0,
    "failures": 1,
    "start": "2023-10-09T07:09:33.523Z",
    "end": "2023-10-09T07:10:30.239Z",
    "duration": 56716,
    "testsRegistered": 1,
    "passPercent": 0,
    "pendingPercent": 0,
    "other": 0,
    "hasOther": false,
    "skipped": 0,
    "hasSkipped": false
  },
  "results": [
    {
      "uuid": "64479916-b0cc-4226-8496-565e0aebfc4d",
      "title": "",
      "fullFile": "cypress\\integration\\examples\\Test4.js",
      "file": "cypress\\integration\\examples\\Test4.js",
      "beforeHooks": [],
      "afterHooks": [],
      "tests": [],
      "suites": [
        {
          "uuid": "a3bb1adb-d726-456f-8fcf-ab1aebc8651f",
          "title": "My Second Test Suite",
          "fullFile": "",
          "file": "",
          "beforeHooks": [],
          "afterHooks": [],
          "tests": [
            {
              "title": "My FirstTest case",
              "fullTitle": "My Second Test Suite My FirstTest case",
              "timedOut": null,
              "duration": 20562,
              "state": "failed",
              "speed": null,
              "pass": false,
              "fail": true,
              "pending": false,
              "context": null,
              "code": "//Check boxes\ncy.visit(\"https://rahulshettyacademy.com/AutomationPractice/\");\ncy.get('#alertbtn').click();\ncy.get('[value=\"Confirm\"]').click();\n//window:alert\ncy.on('window:alert', function (str) {\n  //Mocha\n  expect(str).to.equal('Hello , share this practice page and share your knowledge');\n});\ncy.on('window:confirm', function (str) {\n  //Mocha\n  expect(str).to.equal('Hello , Are you sure you want to confirm?');\n});\ncy.get('#opentab').invoke('removeAttr', 'target').click();\ncy.url().should('include', 'qaclickacademy');\ncy.go('back');",
              "err": {
                "message": "AssertionError: Timed out retrying after 8000ms: expected '' to include 'qaclickacademy'",
                "estack": "AssertionError: Timed out retrying after 8000ms: expected '' to include 'qaclickacademy'\n    at Context.eval (cypress/integration/examples/Test4.js:27:9)",
                "diff": null
              },
              "uuid": "ed687295-d8c0-4c7b-9925-997c2ee1e746",
              "parentUUID": "a3bb1adb-d726-456f-8fcf-ab1aebc8651f",
              "isHook": false,
              "skipped": false
            }
          ],
          "suites": [],
          "passes": [],
          "failures": [
            "ed687295-d8c0-4c7b-9925-997c2ee1e746"
          ],
          "pending": [],
          "skipped": [],
          "duration": 20562,
          "root": false,
          "rootEmpty": false,
          "_timeout": 2000
        }
      ],
      "passes": [],
      "failures": [],
      "pending": [],
      "skipped": [],
      "duration": 0,
      "root": true,
      "rootEmpty": true,
      "_timeout": 2000
    }
  ],
  "meta": {
    "mocha": {
      "version": "7.0.1"
    },
    "mochawesome": {
      "options": {
        "quiet": false,
        "reportFilename": "mochawesome",
        "saveHtml": false,
        "saveJson": true,
        "consoleReporter": "spec",
        "useInlineDiffs": false,
        "code": true
      },
      "version": "7.1.3"
    },
    "marge": {
      "options": {
        "id": "default",
        "reportDir": "cypress/reports/mocha",
        "quite": true,
        "overwrite": false,
        "html": false,
        "json": true
      },
      "version": "6.2.0"
    }
  }
}