{
  "stats": {
    "suites": 1,
    "tests": 1,
    "passes": 1,
    "pending": 0,
    "failures": 0,
    "start": "2023-10-09T07:11:28.655Z",
    "end": "2023-10-09T07:11:44.401Z",
    "duration": 15746,
    "testsRegistered": 1,
    "passPercent": 100,
    "pendingPercent": 0,
    "other": 0,
    "hasOther": false,
    "skipped": 0,
    "hasSkipped": false
  },
  "results": [
    {
      "uuid": "4219e535-2a7b-4cf5-83f9-2d4ab8a6a5cd",
      "title": "",
      "fullFile": "cypress\\integration\\examples\\Test7.js",
      "file": "cypress\\integration\\examples\\Test7.js",
      "beforeHooks": [],
      "afterHooks": [],
      "tests": [],
      "suites": [
        {
          "uuid": "53787c56-74f7-4442-8328-7354c9ff0b4a",
          "title": "My Second Test Suite",
          "fullFile": "",
          "file": "",
          "beforeHooks": [],
          "afterHooks": [],
          "tests": [
            {
              "title": "My FirstTest case",
              "fullTitle": "My Second Test Suite My FirstTest case",
              "timedOut": null,
              "duration": 9136,
              "state": "passed",
              "speed": "medium",
              "pass": true,
              "fail": false,
              "pending": false,
              "context": null,
              "code": "//Check boxes\ncy.visit(Cypress.env('url') + \"/AutomationPractice/\");\ncy.get('#opentab').then(function (el) {\n  var url = el.prop('href');\n  cy.log(url);\n  // cy.visit(url)\n  //rahulshettyacademy.com/seleniumpractise\n});",
              "err": {},
              "uuid": "fbd890d0-5f67-42f3-aa3a-fba9dd7c1507",
              "parentUUID": "53787c56-74f7-4442-8328-7354c9ff0b4a",
              "isHook": false,
              "skipped": false
            }
          ],
          "suites": [],
          "passes": [
            "fbd890d0-5f67-42f3-aa3a-fba9dd7c1507"
          ],
          "failures": [],
          "pending": [],
          "skipped": [],
          "duration": 9136,
          "root": false,
          "rootEmpty": false,
          "_timeout": 2000
        }
      ],
      "passes": [],
      "failures": [],
      "pending": [],
      "skipped": [],
      "duration": 0,
      "root": true,
      "rootEmpty": true,
      "_timeout": 2000
    }
  ],
  "meta": {
    "mocha": {
      "version": "7.0.1"
    },
    "mochawesome": {
      "options": {
        "quiet": false,
        "reportFilename": "mochawesome",
        "saveHtml": false,
        "saveJson": true,
        "consoleReporter": "spec",
        "useInlineDiffs": false,
        "code": true
      },
      "version": "7.1.3"
    },
    "marge": {
      "options": {
        "id": "default",
        "reportDir": "cypress/reports/mocha",
        "quite": true,
        "overwrite": false,
        "html": false,
        "json": true
      },
      "version": "6.2.0"
    }
  }
}